<?xml version="1.0" encoding="UTF-8"?>
<!-- Generated by org.testng.reporters.JUnitReportReporter -->
<testsuite hostname="LT-HMAR" failures="0" tests="1" name="testCases.TC002_LoginTest" time="1.568" errors="0" timestamp="2025-05-28T16:58:28 IST" skipped="0">
  <testcase classname="testCases.TC002_LoginTest" name="Verify_login" time="1.568"/>
</testsuite> <!-- testCases.TC002_LoginTest -->
