<?xml version="1.0" encoding="UTF-8"?>
<!-- Generated by org.testng.reporters.JUnitReportReporter -->
<testsuite hostname="LT-HMAR" failures="0" tests="1" name="testCases.TC001_AccountRegistrationTest" time="1.850" errors="0" timestamp="2025-05-28T16:03:11 IST" skipped="0">
  <testcase classname="testCases.TC001_AccountRegistrationTest" name="Account_Registration_Page" time="1.850"/>
</testsuite> <!-- testCases.TC001_AccountRegistrationTest -->
